have_library: checking for main() in -lopencv_highgui... -------------------- yes

"gcc -o conftest -I/usr/local/rvm/rubies/ruby-1.9.3-p194/include/ruby-1.9.1/x86_64-linux -I/usr/local/rvm/rubies/ruby-1.9.3-p194/include/ruby-1.9.1/ruby/backward -I/usr/local/rvm/rubies/ruby-1.9.3-p194/include/ruby-1.9.1 -I. -I/usr/local/rvm/usr/include     -O3 -ggdb -Wextra -Wno-unused-parameter -Wno-parentheses -Wno-long-long -Wno-missing-field-initializers -Wpointer-arith -Wwrite-strings -Wdeclaration-after-statement -Wimplicit-function-declaration  -fPIC conftest.c  -L. -L/usr/local/rvm/rubies/ruby-1.9.3-p194/lib -Wl,-R/usr/local/rvm/rubies/ruby-1.9.3-p194/lib -L/usr/local/rvm/usr/lib -Wl,-R/usr/local/rvm/usr/lib -L.  -rdynamic -Wl,-export-dynamic     -Wl,-R -Wl,/usr/local/rvm/rubies/ruby-1.9.3-p194/lib -L/usr/local/rvm/rubies/ruby-1.9.3-p194/lib -lruby  -lpthread -lrt -ldl -lcrypt -lm   -lc"
checked program was:
/* begin */
1: #include "ruby.h"
2: 
3: int main() {return 0;}
/* end */

"gcc -o conftest -I/usr/local/rvm/rubies/ruby-1.9.3-p194/include/ruby-1.9.1/x86_64-linux -I/usr/local/rvm/rubies/ruby-1.9.3-p194/include/ruby-1.9.1/ruby/backward -I/usr/local/rvm/rubies/ruby-1.9.3-p194/include/ruby-1.9.1 -I. -I/usr/local/rvm/usr/include     -O3 -ggdb -Wextra -Wno-unused-parameter -Wno-parentheses -Wno-long-long -Wno-missing-field-initializers -Wpointer-arith -Wwrite-strings -Wdeclaration-after-statement -Wimplicit-function-declaration  -fPIC conftest.c  -L. -L/usr/local/rvm/rubies/ruby-1.9.3-p194/lib -Wl,-R/usr/local/rvm/rubies/ruby-1.9.3-p194/lib -L/usr/local/rvm/usr/lib -Wl,-R/usr/local/rvm/usr/lib -L.  -rdynamic -Wl,-export-dynamic     -Wl,-R -Wl,/usr/local/rvm/rubies/ruby-1.9.3-p194/lib -L/usr/local/rvm/rubies/ruby-1.9.3-p194/lib -lruby -lopencv_highgui  -lpthread -lrt -ldl -lcrypt -lm   -lc"
checked program was:
/* begin */
1: #include "ruby.h"
2: 
3: /*top*/
4: int main() {return 0;}
5: int t() { void ((*volatile p)()); p = (void ((*)()))main; return 0; }
/* end */

--------------------

have_library: checking for main() in -lopencv_core... -------------------- yes

"gcc -o conftest -I/usr/local/rvm/rubies/ruby-1.9.3-p194/include/ruby-1.9.1/x86_64-linux -I/usr/local/rvm/rubies/ruby-1.9.3-p194/include/ruby-1.9.1/ruby/backward -I/usr/local/rvm/rubies/ruby-1.9.3-p194/include/ruby-1.9.1 -I. -I/usr/local/rvm/usr/include     -O3 -ggdb -Wextra -Wno-unused-parameter -Wno-parentheses -Wno-long-long -Wno-missing-field-initializers -Wpointer-arith -Wwrite-strings -Wdeclaration-after-statement -Wimplicit-function-declaration  -fPIC conftest.c  -L. -L/usr/local/rvm/rubies/ruby-1.9.3-p194/lib -Wl,-R/usr/local/rvm/rubies/ruby-1.9.3-p194/lib -L/usr/local/rvm/usr/lib -Wl,-R/usr/local/rvm/usr/lib -L.  -rdynamic -Wl,-export-dynamic    -lopencv_highgui  -Wl,-R -Wl,/usr/local/rvm/rubies/ruby-1.9.3-p194/lib -L/usr/local/rvm/rubies/ruby-1.9.3-p194/lib -lruby -lopencv_core -lopencv_highgui  -lpthread -lrt -ldl -lcrypt -lm   -lc"
checked program was:
/* begin */
1: #include "ruby.h"
2: 
3: /*top*/
4: int main() {return 0;}
5: int t() { void ((*volatile p)()); p = (void ((*)()))main; return 0; }
/* end */

--------------------

have_library: checking for main() in -lopencv_imgproc... -------------------- yes

"gcc -o conftest -I/usr/local/rvm/rubies/ruby-1.9.3-p194/include/ruby-1.9.1/x86_64-linux -I/usr/local/rvm/rubies/ruby-1.9.3-p194/include/ruby-1.9.1/ruby/backward -I/usr/local/rvm/rubies/ruby-1.9.3-p194/include/ruby-1.9.1 -I. -I/usr/local/rvm/usr/include     -O3 -ggdb -Wextra -Wno-unused-parameter -Wno-parentheses -Wno-long-long -Wno-missing-field-initializers -Wpointer-arith -Wwrite-strings -Wdeclaration-after-statement -Wimplicit-function-declaration  -fPIC conftest.c  -L. -L/usr/local/rvm/rubies/ruby-1.9.3-p194/lib -Wl,-R/usr/local/rvm/rubies/ruby-1.9.3-p194/lib -L/usr/local/rvm/usr/lib -Wl,-R/usr/local/rvm/usr/lib -L.  -rdynamic -Wl,-export-dynamic    -lopencv_core -lopencv_highgui  -Wl,-R -Wl,/usr/local/rvm/rubies/ruby-1.9.3-p194/lib -L/usr/local/rvm/rubies/ruby-1.9.3-p194/lib -lruby -lopencv_imgproc -lopencv_core -lopencv_highgui  -lpthread -lrt -ldl -lcrypt -lm   -lc"
checked program was:
/* begin */
1: #include "ruby.h"
2: 
3: /*top*/
4: int main() {return 0;}
5: int t() { void ((*volatile p)()); p = (void ((*)()))main; return 0; }
/* end */

--------------------

have_library: checking for main() in -lpthread... -------------------- yes

"gcc -o conftest -I/usr/local/rvm/rubies/ruby-1.9.3-p194/include/ruby-1.9.1/x86_64-linux -I/usr/local/rvm/rubies/ruby-1.9.3-p194/include/ruby-1.9.1/ruby/backward -I/usr/local/rvm/rubies/ruby-1.9.3-p194/include/ruby-1.9.1 -I. -I/usr/local/rvm/usr/include     -O3 -ggdb -Wextra -Wno-unused-parameter -Wno-parentheses -Wno-long-long -Wno-missing-field-initializers -Wpointer-arith -Wwrite-strings -Wdeclaration-after-statement -Wimplicit-function-declaration  -fPIC conftest.c  -L. -L/usr/local/rvm/rubies/ruby-1.9.3-p194/lib -Wl,-R/usr/local/rvm/rubies/ruby-1.9.3-p194/lib -L/usr/local/rvm/usr/lib -Wl,-R/usr/local/rvm/usr/lib -L.  -rdynamic -Wl,-export-dynamic    -lopencv_imgproc -lopencv_core -lopencv_highgui  -Wl,-R -Wl,/usr/local/rvm/rubies/ruby-1.9.3-p194/lib -L/usr/local/rvm/rubies/ruby-1.9.3-p194/lib -lruby -lpthread -lopencv_imgproc -lopencv_core -lopencv_highgui  -lpthread -lrt -ldl -lcrypt -lm   -lc"
checked program was:
/* begin */
1: #include "ruby.h"
2: 
3: /*top*/
4: int main() {return 0;}
5: int t() { void ((*volatile p)()); p = (void ((*)()))main; return 0; }
/* end */

--------------------

